<?xml version="1.0" encoding="UTF-8"?>
<!-- Generated by org.testng.reporters.JUnitXMLReporter -->
<testsuite hostname="JAGA" name="CreateAccount" tests="2" failures="2" timestamp="5 Aug 2017 17:39:12 GMT" time="25.519" errors="0">
  <testcase name="createAccountRegistration" time="16.086" classname="testNGReport.CreateAnAccount">
    <failure type="java.lang.AssertionError" message="expected [My Account Information] but found [Your Account Has Been Created!]">
      <![CDATA[java.lang.AssertionError: expected [My Account Information] but found [Your Account Has Been Created!]
	at testNGReport.CreateAnAccount.createAccountRegistration(CreateAnAccount.java:94)
... Removed 29 stack frames]]>
    </failure>
  </testcase> <!-- createAccountRegistration -->
  <testcase name="createAccountRegistration" time="16.125" classname="testNGReport.CreateAnAccount">
    <failure type="java.lang.NullPointerException">
      <![CDATA[java.lang.NullPointerException
	at testNGReport.TestListener.onTestFailure(TestListener.java:51)
... Removed 21 stack frames]]>
    </failure>
  </testcase> <!-- createAccountRegistration -->
</testsuite> <!-- CreateAccount -->
