<?xml version="1.0" encoding="UTF-8"?>
<!-- Generated by org.testng.reporters.JUnitXMLReporter -->
<testsuite hostname="JAGA" name="CreateAccount" tests="1" failures="1" timestamp="6 Aug 2017 04:59:44 GMT" time="64.603" errors="0">
  <testcase name="createAccountRegistration" time="19.416" classname="testNGReport.CreateAnAccount">
    <failure type="java.lang.AssertionError" message="expected [My Account Information] but found [Your Account Has Been Created!]">
      <![CDATA[java.lang.AssertionError: expected [My Account Information] but found [Your Account Has Been Created!]
	at testNGReport.CreateAnAccount.createAccountRegistration(CreateAnAccount.java:94)
... Removed 29 stack frames]]>
    </failure>
  </testcase> <!-- createAccountRegistration -->
</testsuite> <!-- CreateAccount -->
