<?xml version="1.0" encoding="UTF-8"?>
<!-- Generated by org.testng.reporters.JUnitXMLReporter -->
<testsuite hostname="JAGA" name="CreateAccount" tests="1" failures="1" timestamp="7 Aug 2017 16:01:53 GMT" time="44.458" errors="0">
  <testcase name="createAccountRegistration" time="17.596" classname="testNGReport.CreateAnAccount">
    <failure type="java.lang.AssertionError" message="expected [My Account Information] but found [Your Account Has Been Created!]">
      <![CDATA[java.lang.AssertionError: expected [My Account Information] but found [Your Account Has Been Created!]
	at testNGReport.CreateAnAccount.createAccountRegistration(CreateAnAccount.java:82)
... Removed 29 stack frames]]>
    </failure>
  </testcase> <!-- createAccountRegistration -->
</testsuite> <!-- CreateAccount -->
